f:\school\programming_4\exam_assignment\minigin\x64\debug\minigin.pch
f:\school\programming_4\exam_assignment\minigin\x64\debug\vc141.pdb
f:\school\programming_4\exam_assignment\minigin\x64\debug\vc141.idb
f:\school\programming_4\exam_assignment\minigin\x64\debug\miniginpch.obj
f:\school\programming_4\exam_assignment\minigin\x64\debug\transform.obj
f:\school\programming_4\exam_assignment\minigin\x64\debug\texturecomponent.obj
f:\school\programming_4\exam_assignment\minigin\x64\debug\texture2d.obj
f:\school\programming_4\exam_assignment\minigin\x64\debug\textcomponent.obj
f:\school\programming_4\exam_assignment\minigin\x64\debug\scenemanager.obj
f:\school\programming_4\exam_assignment\minigin\x64\debug\scene.obj
f:\school\programming_4\exam_assignment\minigin\x64\debug\resourcemanager.obj
f:\school\programming_4\exam_assignment\minigin\x64\debug\renderer.obj
f:\school\programming_4\exam_assignment\minigin\x64\debug\rendercomponent.obj
f:\school\programming_4\exam_assignment\minigin\x64\debug\minigin.obj
f:\school\programming_4\exam_assignment\minigin\x64\debug\log.obj
f:\school\programming_4\exam_assignment\minigin\x64\debug\inputmanager.obj
f:\school\programming_4\exam_assignment\minigin\x64\debug\inputcomponent.obj
f:\school\programming_4\exam_assignment\minigin\x64\debug\gameobject.obj
f:\school\programming_4\exam_assignment\minigin\x64\debug\font.obj
f:\school\programming_4\exam_assignment\minigin\x64\debug\basecomponent.obj
f:\school\programming_4\exam_assignment\x64\debug\minigin.lib
f:\school\programming_4\exam_assignment\x64\debug\minigin.exp
f:\school\programming_4\exam_assignment\x64\debug\minigin.pdb
f:\school\programming_4\exam_assignment\minigin\x64\debug\minigin.tlog\cl.command.1.tlog
f:\school\programming_4\exam_assignment\minigin\x64\debug\minigin.tlog\cl.read.1.tlog
f:\school\programming_4\exam_assignment\minigin\x64\debug\minigin.tlog\cl.write.1.tlog
f:\school\programming_4\exam_assignment\minigin\x64\debug\minigin.tlog\link.command.1.tlog
f:\school\programming_4\exam_assignment\minigin\x64\debug\minigin.tlog\link.read.1.tlog
f:\school\programming_4\exam_assignment\minigin\x64\debug\minigin.tlog\link.write.1.tlog
f:\school\programming_4\exam_assignment\minigin\x64\debug\minigin.tlog\minigin.write.1u.tlog
