  MiniginPCH.cpp
  BaseComponent.cpp
  Font.cpp
  GameObject.cpp
  InputComponent.cpp
  InputManager.cpp
  LivesComponent.cpp
  Log.cpp
  MenuComponent.cpp
  Minigin.cpp
  MoveComponent.cpp
  MoveRailComponent.cpp
  PickupComponent.cpp
  PlayerCollision.cpp
  RailComponent.cpp
  RenderComponent.cpp
  Renderer.cpp
  ResourceManager.cpp
  Scene.cpp
  SceneManager.cpp
  ScoreComponent.cpp
  Generating Code...
  Compiling...
  TextComponent.cpp
  Texture2D.cpp
  TextureComponent.cpp
  Transform.cpp
  Generating Code...
     Creating library F:\school\Programming_4\Exam_Assignment\Pacman-Game\x64\Debug\Minigin.lib and object F:\school\Programming_4\Exam_Assignment\Pacman-Game\x64\Debug\Minigin.exp
  Minigin.vcxproj -> F:\school\Programming_4\Exam_Assignment\Pacman-Game\x64\Debug\Minigin.exe
  F:\school\Programming_4\Exam_Assignment\Pacman-Game\3rdParty\SDL2\lib\x64\SDL2.dll
  1 File(s) copied
  F:\school\Programming_4\Exam_Assignment\Pacman-Game\3rdParty\SDL2_image\lib\x64\libjpeg-9.dll
  F:\school\Programming_4\Exam_Assignment\Pacman-Game\3rdParty\SDL2_image\lib\x64\libpng16-16.dll
  F:\school\Programming_4\Exam_Assignment\Pacman-Game\3rdParty\SDL2_image\lib\x64\libtiff-5.dll
  F:\school\Programming_4\Exam_Assignment\Pacman-Game\3rdParty\SDL2_image\lib\x64\libwebp-7.dll
  F:\school\Programming_4\Exam_Assignment\Pacman-Game\3rdParty\SDL2_image\lib\x64\SDL2_image.dll
  F:\school\Programming_4\Exam_Assignment\Pacman-Game\3rdParty\SDL2_image\lib\x64\zlib1.dll
  6 File(s) copied
  F:\school\Programming_4\Exam_Assignment\Pacman-Game\3rdParty\SDL2_ttf\lib\x64\libfreetype-6.dll
  F:\school\Programming_4\Exam_Assignment\Pacman-Game\3rdParty\SDL2_ttf\lib\x64\SDL2_ttf.dll
  2 File(s) copied
